  main.c
f:\ccode\跟教程学习\c语言基础\c_01_08\指针1\指针1\main.c(10): warning C4047: “初始化”:“int”与“int *”的间接级别不同
f:\ccode\跟教程学习\c语言基础\c_01_08\指针1\指针1\main.c(25): warning C4477: “printf”: 格式字符串“%u”需要类型“unsigned int”的参数，但可变参数 1 拥有了类型“char *”
f:\ccode\跟教程学习\c语言基础\c_01_08\指针1\指针1\main.c(25): warning C4313: “printf”: 格式字符串中的“%u”与“char *”类型的参数 1 冲突
f:\ccode\跟教程学习\c语言基础\c_01_08\指针1\指针1\main.c(25): warning C4477: “printf”: 格式字符串“%u”需要类型“unsigned int”的参数，但可变参数 2 拥有了类型“char *”
f:\ccode\跟教程学习\c语言基础\c_01_08\指针1\指针1\main.c(25): warning C4313: “printf”: 格式字符串中的“%u”与“char *”类型的参数 2 冲突
f:\ccode\跟教程学习\c语言基础\c_01_08\指针1\指针1\main.c(25): warning C4477: “printf”: 格式字符串“%u”需要类型“unsigned int”的参数，但可变参数 3 拥有了类型“char *”
f:\ccode\跟教程学习\c语言基础\c_01_08\指针1\指针1\main.c(25): warning C4313: “printf”: 格式字符串中的“%u”与“char *”类型的参数 3 冲突
f:\ccode\跟教程学习\c语言基础\c_01_08\指针1\指针1\main.c(25): warning C4477: “printf”: 格式字符串“%u”需要类型“unsigned int”的参数，但可变参数 4 拥有了类型“char *”
f:\ccode\跟教程学习\c语言基础\c_01_08\指针1\指针1\main.c(25): warning C4313: “printf”: 格式字符串中的“%u”与“char *”类型的参数 4 冲突
f:\ccode\跟教程学习\c语言基础\c_01_08\指针1\指针1\main.c(27): warning C4477: “printf”: 格式字符串“%u”需要类型“unsigned int”的参数，但可变参数 1 拥有了类型“int *”
f:\ccode\跟教程学习\c语言基础\c_01_08\指针1\指针1\main.c(27): warning C4313: “printf”: 格式字符串中的“%u”与“int *”类型的参数 1 冲突
f:\ccode\跟教程学习\c语言基础\c_01_08\指针1\指针1\main.c(27): warning C4477: “printf”: 格式字符串“%u”需要类型“unsigned int”的参数，但可变参数 2 拥有了类型“int *”
f:\ccode\跟教程学习\c语言基础\c_01_08\指针1\指针1\main.c(27): warning C4313: “printf”: 格式字符串中的“%u”与“int *”类型的参数 2 冲突
f:\ccode\跟教程学习\c语言基础\c_01_08\指针1\指针1\main.c(27): warning C4477: “printf”: 格式字符串“%u”需要类型“unsigned int”的参数，但可变参数 3 拥有了类型“int *”
f:\ccode\跟教程学习\c语言基础\c_01_08\指针1\指针1\main.c(27): warning C4313: “printf”: 格式字符串中的“%u”与“int *”类型的参数 3 冲突
f:\ccode\跟教程学习\c语言基础\c_01_08\指针1\指针1\main.c(27): warning C4477: “printf”: 格式字符串“%u”需要类型“unsigned int”的参数，但可变参数 4 拥有了类型“int *”
f:\ccode\跟教程学习\c语言基础\c_01_08\指针1\指针1\main.c(27): warning C4313: “printf”: 格式字符串中的“%u”与“int *”类型的参数 4 冲突
f:\ccode\跟教程学习\c语言基础\c_01_08\指针1\指针1\main.c(35): warning C4477: “printf”: 格式字符串“%d”需要类型“int”的参数，但可变参数 1 拥有了类型“std::size_t”
  f:\ccode\跟教程学习\c语言基础\c_01_08\指针1\指针1\main.c(35): note: 请考虑在格式字符串中使用“%zd”
  指针1.vcxproj -> F:\Ccode\跟教程学习\C语言基础\C_01_08\指针1\x64\Debug\指针1.exe
  指针1.vcxproj -> F:\Ccode\跟教程学习\C语言基础\C_01_08\指针1\x64\Debug\指针1.pdb (Full PDB)
